* using log directory '/Users/Qingyan/Documents/rpackage/basadGit/basad.Rcheck'
* using R version 3.3.3 (2017-03-06)
* using platform: x86_64-apple-darwin16.4.0 (64-bit)
* using session charset: UTF-8
* checking for file 'basad/DESCRIPTION' ... OK
* checking extension type ... Package
* this is package 'basad' version '1.0'
* checking package namespace information ... OK
* checking package dependencies ... OK
* checking if this is a source package ... WARNING
Subdirectory 'basad/src' contains apparent object files/libraries
  Gauss.o LapPrior.o RcppExports.o basad.so init.o tPriors.o utiliti.o
Object files/libraries should not be included in a source package.
* checking if there is a namespace ... OK
* checking for executable files ... OK
* checking for hidden files and directories ... NOTE
Found the following hidden files and directories:
  .DS_Store
  R/.DS_Store
  man/.DS_Store
  src/.DS_Store
These were most likely included in error. See section 'Package
structure' in the 'Writing R Extensions' manual.
* checking for portable file names ... OK
* checking for sufficient/correct file permissions ... OK
* checking whether package 'basad' can be installed ... OK
* checking installed package size ... OK
* checking package directory ... OK
* checking DESCRIPTION meta-information ... NOTE
Checking should be performed on sources prepared by 'R CMD build'.
* checking top-level files ... OK
* checking for left-over files ... OK
* checking index information ... OK
* checking package subdirectories ... OK
* checking R files for non-ASCII characters ... OK
* checking R files for syntax errors ... OK
* checking whether the package can be loaded ... OK
* checking whether the package can be loaded with stated dependencies ... OK
* checking whether the package can be unloaded cleanly ... OK
* checking whether the namespace can be loaded with stated dependencies ... OK
* checking whether the namespace can be unloaded cleanly ... OK
* checking loading without being on the library search path ... OK
* checking dependencies in R code ... OK
* checking S3 generic/method consistency ... OK
* checking replacement functions ... OK
* checking foreign function calls ... OK
* checking R code for possible problems ... OK
* checking Rd files ... NOTE
prepare_Rd: basad.Rd:44-46: Dropping empty section \details
prepare_Rd: predict.basad.Rd:26-28: Dropping empty section \examples
* checking Rd metadata ... OK
* checking Rd cross-references ... OK
* checking for missing documentation entries ... OK
* checking for code/documentation mismatches ... OK
* checking Rd \usage sections ... OK
* checking Rd contents ... OK
* checking for unstated dependencies in examples ... OK
* checking line endings in C/C++/Fortran sources/headers ... OK
* checking line endings in Makefiles ... OK
* checking compilation flags in Makevars ... OK
* checking for GNU extensions in Makefiles ... OK
* checking for portable use of $(BLAS_LIBS) and $(LAPACK_LIBS) ... OK
* checking compiled code ... WARNING
File 'basad/libs/basad.so':
  Found '__ZNSt3__14coutE', possibly from 'std::cout' (C++)
    Objects: 'Gauss.o', 'LapPrior.o', 'tPriors.o', 'utiliti.o'
  Found '_abort', possibly from 'abort' (C)
    Objects: 'Gauss.o', 'LapPrior.o', 'tPriors.o'

Compiled code should not call entry points which might terminate R nor
write to stdout/stderr instead of to the console, nor the system RNG.

See 'Writing portable packages' in the 'Writing R Extensions' manual.
* checking examples ... OK
* checking PDF version of manual ... OK
* DONE
Status: 2 WARNINGs, 3 NOTEs
